<?xml version="1.0" encoding="UTF-8"?>
<!-- Generated by org.testng.reporters.JUnitXMLReporter -->
<testsuite ignored="2" hostname="LAPTOP-8EGO1TKL" failures="0" tests="1" name="Default test" time="0.062" errors="0" timestamp="2024-12-04T12:44:45 IST">
  <testcase classname="JavaStreams.CountNumberOfNamesStratingWithAlphabet" name="streamCollect" time="0.014"/>
  <testcase classname="JavaStreams.CountNumberOfNamesStratingWithAlphabet" name="streamFilter" time="0.0">
    <ignored/>
  </testcase> <!-- streamFilter -->
  <testcase classname="JavaStreams.CountNumberOfNamesStratingWithAlphabet" name="streamMap" time="0.0">
    <ignored/>
  </testcase> <!-- streamMap -->
</testsuite> <!-- Default test -->
