<?xml version="1.0" encoding="UTF-8"?>
<testng-results ignored="2" total="3" passed="1" failed="0" skipped="0">
  <reporter-output>
  </reporter-output>
  <suite started-at="2024-12-04T12:44:45 IST" name="Default suite" finished-at="2024-12-04T12:44:45 IST" duration-ms="62">
    <groups>
    </groups>
    <test started-at="2024-12-04T12:44:45 IST" name="Default test" finished-at="2024-12-04T12:44:45 IST" duration-ms="62">
      <class name="JavaStreams.CountNumberOfNamesStratingWithAlphabet">
        <test-method signature="streamCollect()[pri:0, instance:JavaStreams.CountNumberOfNamesStratingWithAlphabet@2f217633]" started-at="2024-12-04T12:44:45 IST" name="streamCollect" finished-at="2024-12-04T12:44:45 IST" duration-ms="14" status="PASS">
          <reporter-output>
          </reporter-output>
        </test-method> <!-- streamCollect -->
      </class> <!-- JavaStreams.CountNumberOfNamesStratingWithAlphabet -->
    </test> <!-- Default test -->
  </suite> <!-- Default suite -->
</testng-results>
